2020-05-18 21:28:58.919  INFO   --- [main] .b.t.c.SpringBootTestContextBootstrapper : Neither @ContextConfiguration nor @ContextHierarchy found for test class [com.soft1851.springboot.task.schedule.service.DynamicJobServiceTest], using SpringBootContextLoader
2020-05-18 21:28:58.928  INFO   --- [main] o.s.t.c.support.AbstractContextLoader    : Could not detect default resource locations for test class [com.soft1851.springboot.task.schedule.service.DynamicJobServiceTest]: no resource found for suffixes {-context.xml, Context.groovy}.
2020-05-18 21:28:58.930  INFO   --- [main] t.c.s.AnnotationConfigContextLoaderUtils : Could not detect default configuration classes for test class [com.soft1851.springboot.task.schedule.service.DynamicJobServiceTest]: DynamicJobServiceTest does not declare any static, non-private, non-final, nested classes annotated with @Configuration.
2020-05-18 21:28:59.043  INFO   --- [main] .b.t.c.SpringBootTestContextBootstrapper : Found @SpringBootConfiguration com.soft1851.springboot.task.schedule.SpringBootTaskScheduleApplication for test class com.soft1851.springboot.task.schedule.service.DynamicJobServiceTest
2020-05-18 21:28:59.127  INFO   --- [main] .b.t.c.SpringBootTestContextBootstrapper : Loaded default TestExecutionListener class names from location [META-INF/spring.factories]: [org.springframework.boot.test.mock.mockito.MockitoTestExecutionListener, org.springframework.boot.test.mock.mockito.ResetMocksTestExecutionListener, org.springframework.boot.test.autoconfigure.restdocs.RestDocsTestExecutionListener, org.springframework.boot.test.autoconfigure.web.client.MockRestServiceServerResetTestExecutionListener, org.springframework.boot.test.autoconfigure.web.servlet.MockMvcPrintOnlyOnFailureTestExecutionListener, org.springframework.boot.test.autoconfigure.web.servlet.WebDriverTestExecutionListener, org.springframework.test.context.web.ServletTestExecutionListener, org.springframework.test.context.support.DirtiesContextBeforeModesTestExecutionListener, org.springframework.test.context.support.DependencyInjectionTestExecutionListener, org.springframework.test.context.support.DirtiesContextTestExecutionListener, org.springframework.test.context.transaction.TransactionalTestExecutionListener, org.springframework.test.context.jdbc.SqlScriptsTestExecutionListener, org.springframework.test.context.event.EventPublishingTestExecutionListener]
2020-05-18 21:28:59.146  INFO   --- [main] .b.t.c.SpringBootTestContextBootstrapper : Using TestExecutionListeners: [org.springframework.test.context.web.ServletTestExecutionListener@6c45ee6e, org.springframework.test.context.support.DirtiesContextBeforeModesTestExecutionListener@6b3e12b5, org.springframework.boot.test.mock.mockito.MockitoTestExecutionListener@5aac4250, org.springframework.boot.test.autoconfigure.SpringBootDependencyInjectionTestExecutionListener@1338fb5, org.springframework.test.context.support.DirtiesContextTestExecutionListener@42463763, org.springframework.test.context.transaction.TransactionalTestExecutionListener@59f63e24, org.springframework.test.context.jdbc.SqlScriptsTestExecutionListener@61f05988, org.springframework.test.context.event.EventPublishingTestExecutionListener@7ca33c24, org.springframework.boot.test.mock.mockito.ResetMocksTestExecutionListener@fade1fc, org.springframework.boot.test.autoconfigure.restdocs.RestDocsTestExecutionListener@67c2e933, org.springframework.boot.test.autoconfigure.web.client.MockRestServiceServerResetTestExecutionListener@41dd05a, org.springframework.boot.test.autoconfigure.web.servlet.MockMvcPrintOnlyOnFailureTestExecutionListener@613a8ee1, org.springframework.boot.test.autoconfigure.web.servlet.WebDriverTestExecutionListener@178213b]
2020-05-18 21:28:59.796  INFO 10380 --- [main] c.s.s.t.s.service.DynamicJobServiceTest  : Starting DynamicJobServiceTest on PC-20200111QLIL with PID 10380 (started by Administrator in D:\projects\java\spring-boot-review\spring-boot-task-schedule)
2020-05-18 21:28:59.797  INFO 10380 --- [main] c.s.s.t.s.service.DynamicJobServiceTest  : No active profile set, falling back to default profiles: default
2020-05-18 21:29:00.548  INFO 10380 --- [main] .s.d.r.c.RepositoryConfigurationDelegate : Bootstrapping Spring Data JPA repositories in DEFAULT mode.
2020-05-18 21:29:00.640  INFO 10380 --- [main] .s.d.r.c.RepositoryConfigurationDelegate : Finished Spring Data repository scanning in 82ms. Found 4 JPA repository interfaces.
2020-05-18 21:29:01.134  INFO 10380 --- [main] ptablePropertiesBeanFactoryPostProcessor : Post-processing PropertySource instances
2020-05-18 21:29:01.199  INFO 10380 --- [main] c.u.j.EncryptablePropertySourceConverter : Converting PropertySource configurationProperties [org.springframework.boot.context.properties.source.ConfigurationPropertySourcesPropertySource] to AOP Proxy
2020-05-18 21:29:01.199  INFO 10380 --- [main] c.u.j.EncryptablePropertySourceConverter : Converting PropertySource Inlined Test Properties [org.springframework.core.env.MapPropertySource] to EncryptableMapPropertySourceWrapper
2020-05-18 21:29:01.199  INFO 10380 --- [main] c.u.j.EncryptablePropertySourceConverter : Converting PropertySource systemProperties [org.springframework.core.env.PropertiesPropertySource] to EncryptableMapPropertySourceWrapper
2020-05-18 21:29:01.200  INFO 10380 --- [main] c.u.j.EncryptablePropertySourceConverter : Converting PropertySource systemEnvironment [org.springframework.boot.env.SystemEnvironmentPropertySourceEnvironmentPostProcessor$OriginAwareSystemEnvironmentPropertySource] to EncryptableMapPropertySourceWrapper
2020-05-18 21:29:01.200  INFO 10380 --- [main] c.u.j.EncryptablePropertySourceConverter : Converting PropertySource random [org.springframework.boot.env.RandomValuePropertySource] to EncryptablePropertySourceWrapper
2020-05-18 21:29:01.200  INFO 10380 --- [main] c.u.j.EncryptablePropertySourceConverter : Converting PropertySource springCloudClientHostInfo [org.springframework.core.env.MapPropertySource] to EncryptableMapPropertySourceWrapper
2020-05-18 21:29:01.200  INFO 10380 --- [main] c.u.j.EncryptablePropertySourceConverter : Converting PropertySource applicationConfig: [classpath:/application.properties] [org.springframework.boot.env.OriginTrackedMapPropertySource] to EncryptableMapPropertySourceWrapper
2020-05-18 21:29:01.200  INFO 10380 --- [main] c.u.j.EncryptablePropertySourceConverter : Converting PropertySource applicationConfig: [classpath:/application.yml] [org.springframework.boot.env.OriginTrackedMapPropertySource] to EncryptableMapPropertySourceWrapper
2020-05-18 21:29:01.289  INFO 10380 --- [main] c.u.j.filter.DefaultLazyPropertyFilter   : Property Filter custom Bean not found with name 'encryptablePropertyFilter'. Initializing Default Property Filter
2020-05-18 21:29:01.428  INFO 10380 --- [main] c.u.j.r.DefaultLazyPropertyResolver      : Property Resolver custom Bean not found with name 'encryptablePropertyResolver'. Initializing Default Property Resolver
2020-05-18 21:29:01.430  INFO 10380 --- [main] c.u.j.d.DefaultLazyPropertyDetector      : Property Detector custom Bean not found with name 'encryptablePropertyDetector'. Initializing Default Property Detector
2020-05-18 21:29:01.637  INFO 10380 --- [main] o.hibernate.jpa.internal.util.LogHelper  : HHH000204: Processing PersistenceUnitInfo [name: default]
2020-05-18 21:29:01.705  INFO 10380 --- [main] org.hibernate.Version                    : HHH000412: Hibernate ORM core version 5.4.15.Final
2020-05-18 21:29:01.913  INFO 10380 --- [main] o.hibernate.annotations.common.Version   : HCANN000001: Hibernate Commons Annotations {5.1.0.Final}
2020-05-18 21:29:02.201  INFO 10380 --- [main] com.zaxxer.hikari.HikariDataSource       : HikariPool-1 - Starting...
2020-05-18 21:29:02.400  INFO 10380 --- [main] com.zaxxer.hikari.HikariDataSource       : HikariPool-1 - Start completed.
2020-05-18 21:29:02.425  INFO 10380 --- [main] org.hibernate.dialect.Dialect            : HHH000400: Using dialect: org.hibernate.dialect.MySQL5InnoDBDialect
2020-05-18 21:29:03.784  INFO 10380 --- [main] o.h.e.t.j.p.i.JtaPlatformInitiator       : HHH000490: Using JtaPlatform implementation: [org.hibernate.engine.transaction.jta.platform.internal.NoJtaPlatform]
2020-05-18 21:29:03.795  INFO 10380 --- [main] j.LocalContainerEntityManagerFactoryBean : Initialized JPA EntityManagerFactory for persistence unit 'default'
2020-05-18 21:29:03.915  WARN 10380 --- [main] ion$DefaultTemplateResolverConfiguration : Cannot find template location: classpath:/templates/ (please add some templates or check your Thymeleaf configuration)
2020-05-18 21:29:04.101  INFO 10380 --- [main] org.quartz.impl.StdSchedulerFactory      : Using default implementation for ThreadExecutor
2020-05-18 21:29:04.126  INFO 10380 --- [main] org.quartz.core.SchedulerSignalerImpl    : Initialized Scheduler Signaller of type: class org.quartz.core.SchedulerSignalerImpl
2020-05-18 21:29:04.126  INFO 10380 --- [main] org.quartz.core.QuartzScheduler          : Quartz Scheduler v.2.3.2 created.
2020-05-18 21:29:04.138  INFO 10380 --- [main] o.s.s.quartz.LocalDataSourceJobStore     : Using db table-based data access locking (synchronization).
2020-05-18 21:29:04.155  INFO 10380 --- [main] o.s.s.quartz.LocalDataSourceJobStore     : JobStoreCMT initialized.
2020-05-18 21:29:04.157  INFO 10380 --- [main] org.quartz.core.QuartzScheduler          : Scheduler meta-data: Quartz Scheduler (v2.3.2) 'schedulerFactoryBean' with instanceId 'PC-20200111QLIL1589808544104'
  Scheduler class: 'org.quartz.core.QuartzScheduler' - running locally.
  NOT STARTED.
  Currently in standby mode.
  Number of jobs executed: 0
  Using thread pool 'org.quartz.simpl.SimpleThreadPool' - with 20 threads.
  Using job-store 'org.springframework.scheduling.quartz.LocalDataSourceJobStore' - which supports persistence. and is clustered.

2020-05-18 21:29:04.158  INFO 10380 --- [main] org.quartz.impl.StdSchedulerFactory      : Quartz scheduler 'schedulerFactoryBean' initialized from an externally provided properties instance.
2020-05-18 21:29:04.158  INFO 10380 --- [main] org.quartz.impl.StdSchedulerFactory      : Quartz scheduler version: 2.3.2
2020-05-18 21:29:04.158  INFO 10380 --- [main] org.quartz.core.QuartzScheduler          : JobFactory set to: com.soft1851.springboot.task.schedule.config.QuartzConfig$AutowiringSpringBeanJobFactory@395197cb
2020-05-18 21:29:05.226  INFO 10380 --- [main] c.s.s.t.s.controller.JobController       : init success
2020-05-18 21:29:05.283  INFO 10380 --- [main] o.s.s.c.ThreadPoolTaskScheduler          : Initializing ExecutorService 'threadPoolTaskScheduler'
2020-05-18 21:29:05.551  WARN 10380 --- [main] JpaBaseConfiguration$JpaWebConfiguration : spring.jpa.open-in-view is enabled by default. Therefore, database queries may be performed during view rendering. Explicitly configure spring.jpa.open-in-view to disable this warning
2020-05-18 21:29:06.977  INFO 10380 --- [main] o.s.s.quartz.SchedulerFactoryBean        : Starting Quartz Scheduler now
2020-05-18 21:29:07.079  INFO 10380 --- [main] org.quartz.core.QuartzScheduler          : Scheduler schedulerFactoryBean_$_PC-20200111QLIL1589808544104 started.
2020-05-18 21:29:07.097  INFO 10380 --- [main] c.s.s.t.s.service.DynamicJobServiceTest  : Started DynamicJobServiceTest in 7.894 seconds (JVM running for 9.551)
2020-05-18 21:29:07.394  INFO 10380 --- [SpringContextShutdownHook] org.quartz.core.QuartzScheduler          : Scheduler schedulerFactoryBean_$_PC-20200111QLIL1589808544104 paused.
2020-05-18 21:29:07.396  INFO 10380 --- [SpringContextShutdownHook] o.s.s.c.ThreadPoolTaskScheduler          : Shutting down ExecutorService 'threadPoolTaskScheduler'
2020-05-18 21:29:07.397  INFO 10380 --- [SpringContextShutdownHook] o.s.s.quartz.SchedulerFactoryBean        : Shutting down Quartz Scheduler
2020-05-18 21:29:07.398  INFO 10380 --- [SpringContextShutdownHook] org.quartz.core.QuartzScheduler          : Scheduler schedulerFactoryBean_$_PC-20200111QLIL1589808544104 shutting down.
2020-05-18 21:29:07.398  INFO 10380 --- [SpringContextShutdownHook] org.quartz.core.QuartzScheduler          : Scheduler schedulerFactoryBean_$_PC-20200111QLIL1589808544104 paused.
2020-05-18 21:29:07.399  INFO 10380 --- [SpringContextShutdownHook] org.quartz.core.QuartzScheduler          : Scheduler schedulerFactoryBean_$_PC-20200111QLIL1589808544104 shutdown complete.
2020-05-18 21:29:07.399  INFO 10380 --- [SpringContextShutdownHook] j.LocalContainerEntityManagerFactoryBean : Closing JPA EntityManagerFactory for persistence unit 'default'
2020-05-18 21:29:07.402  INFO 10380 --- [SpringContextShutdownHook] com.zaxxer.hikari.HikariDataSource       : HikariPool-1 - Shutdown initiated...
2020-05-18 21:29:07.423  INFO 10380 --- [SpringContextShutdownHook] com.zaxxer.hikari.HikariDataSource       : HikariPool-1 - Shutdown completed.
