2020-05-18 22:13:19.934  INFO   --- [main] .b.t.c.SpringBootTestContextBootstrapper : Neither @ContextConfiguration nor @ContextHierarchy found for test class [com.soft1851.springboot.quartz.repository.JobEntityRepositoryTest], using SpringBootContextLoader
2020-05-18 22:13:19.941  INFO   --- [main] o.s.t.c.support.AbstractContextLoader    : Could not detect default resource locations for test class [com.soft1851.springboot.quartz.repository.JobEntityRepositoryTest]: no resource found for suffixes {-context.xml, Context.groovy}.
2020-05-18 22:13:19.942  INFO   --- [main] t.c.s.AnnotationConfigContextLoaderUtils : Could not detect default configuration classes for test class [com.soft1851.springboot.quartz.repository.JobEntityRepositoryTest]: JobEntityRepositoryTest does not declare any static, non-private, non-final, nested classes annotated with @Configuration.
2020-05-18 22:13:20.118  INFO   --- [main] .b.t.c.SpringBootTestContextBootstrapper : Found @SpringBootConfiguration com.soft1851.springboot.quartz.SpringBootQuartzApplication for test class com.soft1851.springboot.quartz.repository.JobEntityRepositoryTest
2020-05-18 22:13:20.355  INFO   --- [main] .b.t.c.SpringBootTestContextBootstrapper : Loaded default TestExecutionListener class names from location [META-INF/spring.factories]: [org.springframework.boot.test.mock.mockito.MockitoTestExecutionListener, org.springframework.boot.test.mock.mockito.ResetMocksTestExecutionListener, org.springframework.boot.test.autoconfigure.restdocs.RestDocsTestExecutionListener, org.springframework.boot.test.autoconfigure.web.client.MockRestServiceServerResetTestExecutionListener, org.springframework.boot.test.autoconfigure.web.servlet.MockMvcPrintOnlyOnFailureTestExecutionListener, org.springframework.boot.test.autoconfigure.web.servlet.WebDriverTestExecutionListener, org.springframework.boot.test.autoconfigure.webservices.client.MockWebServiceServerTestExecutionListener, org.springframework.test.context.web.ServletTestExecutionListener, org.springframework.test.context.support.DirtiesContextBeforeModesTestExecutionListener, org.springframework.test.context.support.DependencyInjectionTestExecutionListener, org.springframework.test.context.support.DirtiesContextTestExecutionListener, org.springframework.test.context.transaction.TransactionalTestExecutionListener, org.springframework.test.context.jdbc.SqlScriptsTestExecutionListener, org.springframework.test.context.event.EventPublishingTestExecutionListener]
2020-05-18 22:13:20.401  INFO   --- [main] .b.t.c.SpringBootTestContextBootstrapper : Using TestExecutionListeners: [org.springframework.test.context.web.ServletTestExecutionListener@65045a87, org.springframework.test.context.support.DirtiesContextBeforeModesTestExecutionListener@47f4e407, org.springframework.boot.test.mock.mockito.MockitoTestExecutionListener@2d1dee39, org.springframework.boot.test.autoconfigure.SpringBootDependencyInjectionTestExecutionListener@48d5f34e, org.springframework.test.context.support.DirtiesContextTestExecutionListener@fc258b1, org.springframework.test.context.transaction.TransactionalTestExecutionListener@6ff65192, org.springframework.test.context.jdbc.SqlScriptsTestExecutionListener@2dd80673, org.springframework.test.context.event.EventPublishingTestExecutionListener@4af0df05, org.springframework.boot.test.mock.mockito.ResetMocksTestExecutionListener@57ea113a, org.springframework.boot.test.autoconfigure.restdocs.RestDocsTestExecutionListener@acdb094, org.springframework.boot.test.autoconfigure.web.client.MockRestServiceServerResetTestExecutionListener@674bd420, org.springframework.boot.test.autoconfigure.web.servlet.MockMvcPrintOnlyOnFailureTestExecutionListener@2b0f373b, org.springframework.boot.test.autoconfigure.web.servlet.WebDriverTestExecutionListener@2ceb80a1, org.springframework.boot.test.autoconfigure.webservices.client.MockWebServiceServerTestExecutionListener@4b45dcb8]
2020-05-18 22:13:21.743  INFO 12964 --- [main] c.s.s.q.r.JobEntityRepositoryTest        : Starting JobEntityRepositoryTest on PC-20200111QLIL with PID 12964 (started by Administrator in D:\projects\java\spring-boot-review\spring-boot-quartz)
2020-05-18 22:13:21.744  INFO 12964 --- [main] c.s.s.q.r.JobEntityRepositoryTest        : No active profile set, falling back to default profiles: default
2020-05-18 22:13:22.544  INFO 12964 --- [main] .s.d.r.c.RepositoryConfigurationDelegate : Bootstrapping Spring Data JPA repositories in DEFERRED mode.
2020-05-18 22:13:22.605  INFO 12964 --- [main] .s.d.r.c.RepositoryConfigurationDelegate : Finished Spring Data repository scanning in 53ms. Found 1 JPA repository interfaces.
2020-05-18 22:13:22.940  INFO 12964 --- [main] ptablePropertiesBeanFactoryPostProcessor : Post-processing PropertySource instances
2020-05-18 22:13:23.010  INFO 12964 --- [main] c.u.j.EncryptablePropertySourceConverter : Converting PropertySource configurationProperties [org.springframework.boot.context.properties.source.ConfigurationPropertySourcesPropertySource] to AOP Proxy
2020-05-18 22:13:23.011  INFO 12964 --- [main] c.u.j.EncryptablePropertySourceConverter : Converting PropertySource Inlined Test Properties [org.springframework.core.env.MapPropertySource] to EncryptableMapPropertySourceWrapper
2020-05-18 22:13:23.011  INFO 12964 --- [main] c.u.j.EncryptablePropertySourceConverter : Converting PropertySource systemProperties [org.springframework.core.env.PropertiesPropertySource] to EncryptableMapPropertySourceWrapper
2020-05-18 22:13:23.011  INFO 12964 --- [main] c.u.j.EncryptablePropertySourceConverter : Converting PropertySource systemEnvironment [org.springframework.boot.env.SystemEnvironmentPropertySourceEnvironmentPostProcessor$OriginAwareSystemEnvironmentPropertySource] to EncryptableMapPropertySourceWrapper
2020-05-18 22:13:23.011  INFO 12964 --- [main] c.u.j.EncryptablePropertySourceConverter : Converting PropertySource random [org.springframework.boot.env.RandomValuePropertySource] to EncryptablePropertySourceWrapper
2020-05-18 22:13:23.011  INFO 12964 --- [main] c.u.j.EncryptablePropertySourceConverter : Converting PropertySource springCloudClientHostInfo [org.springframework.core.env.MapPropertySource] to EncryptableMapPropertySourceWrapper
2020-05-18 22:13:23.011  INFO 12964 --- [main] c.u.j.EncryptablePropertySourceConverter : Converting PropertySource applicationConfig: [classpath:/application.yml] [org.springframework.boot.env.OriginTrackedMapPropertySource] to EncryptableMapPropertySourceWrapper
2020-05-18 22:13:23.040  INFO 12964 --- [main] c.u.j.filter.DefaultLazyPropertyFilter   : Property Filter custom Bean not found with name 'encryptablePropertyFilter'. Initializing Default Property Filter
2020-05-18 22:13:23.184  INFO 12964 --- [main] c.u.j.r.DefaultLazyPropertyResolver      : Property Resolver custom Bean not found with name 'encryptablePropertyResolver'. Initializing Default Property Resolver
2020-05-18 22:13:23.186  INFO 12964 --- [main] c.u.j.d.DefaultLazyPropertyDetector      : Property Detector custom Bean not found with name 'encryptablePropertyDetector'. Initializing Default Property Detector
2020-05-18 22:13:23.367  INFO 12964 --- [main] o.s.s.concurrent.ThreadPoolTaskExecutor  : Initializing ExecutorService 'applicationTaskExecutor'
2020-05-18 22:13:23.379  INFO 12964 --- [main] com.zaxxer.hikari.HikariDataSource       : HikariPool-1 - Starting...
2020-05-18 22:13:23.584  INFO 12964 --- [main] com.zaxxer.hikari.HikariDataSource       : HikariPool-1 - Start completed.
2020-05-18 22:13:23.691  INFO 12964 --- [task-1] o.hibernate.jpa.internal.util.LogHelper  : HHH000204: Processing PersistenceUnitInfo [name: default]
2020-05-18 22:13:23.767  INFO 12964 --- [task-1] org.hibernate.Version                    : HHH000412: Hibernate ORM core version 5.4.15.Final
2020-05-18 22:13:23.917  INFO 12964 --- [task-1] o.hibernate.annotations.common.Version   : HCANN000001: Hibernate Commons Annotations {5.1.0.Final}
2020-05-18 22:13:24.288  INFO 12964 --- [task-1] org.hibernate.dialect.Dialect            : HHH000400: Using dialect: org.hibernate.dialect.MySQL8Dialect
2020-05-18 22:13:24.890  INFO 12964 --- [task-1] o.h.e.t.j.p.i.JtaPlatformInitiator       : HHH000490: Using JtaPlatform implementation: [org.hibernate.engine.transaction.jta.platform.internal.NoJtaPlatform]
2020-05-18 22:13:24.897  INFO 12964 --- [task-1] j.LocalContainerEntityManagerFactoryBean : Initialized JPA EntityManagerFactory for persistence unit 'default'
2020-05-18 22:13:25.235  INFO 12964 --- [main] org.quartz.impl.StdSchedulerFactory      : Using default implementation for ThreadExecutor
2020-05-18 22:13:25.250  INFO 12964 --- [main] org.quartz.core.SchedulerSignalerImpl    : Initialized Scheduler Signaller of type: class org.quartz.core.SchedulerSignalerImpl
2020-05-18 22:13:25.251  INFO 12964 --- [main] org.quartz.core.QuartzScheduler          : Quartz Scheduler v.2.3.2 created.
2020-05-18 22:13:25.255  INFO 12964 --- [main] o.s.s.quartz.LocalDataSourceJobStore     : Using db table-based data access locking (synchronization).
2020-05-18 22:13:25.257  INFO 12964 --- [main] o.s.s.quartz.LocalDataSourceJobStore     : JobStoreCMT initialized.
2020-05-18 22:13:25.258  INFO 12964 --- [main] org.quartz.core.QuartzScheduler          : Scheduler meta-data: Quartz Scheduler (v2.3.2) 'schedulerFactoryBean' with instanceId 'PC-20200111QLIL1589811205237'
  Scheduler class: 'org.quartz.core.QuartzScheduler' - running locally.
  NOT STARTED.
  Currently in standby mode.
  Number of jobs executed: 0
  Using thread pool 'org.quartz.simpl.SimpleThreadPool' - with 20 threads.
  Using job-store 'org.springframework.scheduling.quartz.LocalDataSourceJobStore' - which supports persistence. and is clustered.

2020-05-18 22:13:25.259  INFO 12964 --- [main] org.quartz.impl.StdSchedulerFactory      : Quartz scheduler 'schedulerFactoryBean' initialized from an externally provided properties instance.
2020-05-18 22:13:25.259  INFO 12964 --- [main] org.quartz.impl.StdSchedulerFactory      : Quartz scheduler version: 2.3.2
2020-05-18 22:13:25.259  INFO 12964 --- [main] org.quartz.core.QuartzScheduler          : JobFactory set to: com.soft1851.springboot.quartz.config.QuartzConfig$AutowiringSpringBeanJobFactory@11eec06b
2020-05-18 22:13:25.470  INFO 12964 --- [main] c.s.s.q.controller.DynamicJobController  : Job register name : null , group : null , cron : 0 0 0 0 0 ? *
2020-05-18 22:13:25.471  WARN 12964 --- [main] o.s.w.c.s.GenericWebApplicationContext   : Exception encountered during context initialization - cancelling refresh attempt: org.springframework.beans.factory.BeanCreationException: Error creating bean with name 'dynamicJobController': Invocation of init method failed; nested exception is java.lang.IllegalArgumentException: Name cannot be null.
2020-05-18 22:13:25.471  INFO 12964 --- [main] o.s.s.quartz.SchedulerFactoryBean        : Shutting down Quartz Scheduler
2020-05-18 22:13:25.471  INFO 12964 --- [main] org.quartz.core.QuartzScheduler          : Scheduler schedulerFactoryBean_$_PC-20200111QLIL1589811205237 shutting down.
2020-05-18 22:13:25.471  INFO 12964 --- [main] org.quartz.core.QuartzScheduler          : Scheduler schedulerFactoryBean_$_PC-20200111QLIL1589811205237 paused.
2020-05-18 22:13:25.472  INFO 12964 --- [main] org.quartz.core.QuartzScheduler          : Scheduler schedulerFactoryBean_$_PC-20200111QLIL1589811205237 shutdown complete.
2020-05-18 22:13:25.472  INFO 12964 --- [main] j.LocalContainerEntityManagerFactoryBean : Closing JPA EntityManagerFactory for persistence unit 'default'
2020-05-18 22:13:25.475  INFO 12964 --- [main] o.s.s.concurrent.ThreadPoolTaskExecutor  : Shutting down ExecutorService 'applicationTaskExecutor'
2020-05-18 22:13:25.476  INFO 12964 --- [main] com.zaxxer.hikari.HikariDataSource       : HikariPool-1 - Shutdown initiated...
2020-05-18 22:13:25.492  INFO 12964 --- [main] com.zaxxer.hikari.HikariDataSource       : HikariPool-1 - Shutdown completed.
2020-05-18 22:13:25.502  INFO 12964 --- [main] ConditionEvaluationReportLoggingListener : 

Error starting ApplicationContext. To display the conditions report re-run your application with 'debug' enabled.
2020-05-18 22:13:50.168  INFO   --- [main] .b.t.c.SpringBootTestContextBootstrapper : Neither @ContextConfiguration nor @ContextHierarchy found for test class [com.soft1851.springboot.quartz.repository.JobEntityRepositoryTest], using SpringBootContextLoader
2020-05-18 22:13:50.175  INFO   --- [main] o.s.t.c.support.AbstractContextLoader    : Could not detect default resource locations for test class [com.soft1851.springboot.quartz.repository.JobEntityRepositoryTest]: no resource found for suffixes {-context.xml, Context.groovy}.
2020-05-18 22:13:50.177  INFO   --- [main] t.c.s.AnnotationConfigContextLoaderUtils : Could not detect default configuration classes for test class [com.soft1851.springboot.quartz.repository.JobEntityRepositoryTest]: JobEntityRepositoryTest does not declare any static, non-private, non-final, nested classes annotated with @Configuration.
2020-05-18 22:13:50.297  INFO   --- [main] .b.t.c.SpringBootTestContextBootstrapper : Found @SpringBootConfiguration com.soft1851.springboot.quartz.SpringBootQuartzApplication for test class com.soft1851.springboot.quartz.repository.JobEntityRepositoryTest
2020-05-18 22:13:50.465  INFO   --- [main] .b.t.c.SpringBootTestContextBootstrapper : Loaded default TestExecutionListener class names from location [META-INF/spring.factories]: [org.springframework.boot.test.mock.mockito.MockitoTestExecutionListener, org.springframework.boot.test.mock.mockito.ResetMocksTestExecutionListener, org.springframework.boot.test.autoconfigure.restdocs.RestDocsTestExecutionListener, org.springframework.boot.test.autoconfigure.web.client.MockRestServiceServerResetTestExecutionListener, org.springframework.boot.test.autoconfigure.web.servlet.MockMvcPrintOnlyOnFailureTestExecutionListener, org.springframework.boot.test.autoconfigure.web.servlet.WebDriverTestExecutionListener, org.springframework.boot.test.autoconfigure.webservices.client.MockWebServiceServerTestExecutionListener, org.springframework.test.context.web.ServletTestExecutionListener, org.springframework.test.context.support.DirtiesContextBeforeModesTestExecutionListener, org.springframework.test.context.support.DependencyInjectionTestExecutionListener, org.springframework.test.context.support.DirtiesContextTestExecutionListener, org.springframework.test.context.transaction.TransactionalTestExecutionListener, org.springframework.test.context.jdbc.SqlScriptsTestExecutionListener, org.springframework.test.context.event.EventPublishingTestExecutionListener]
2020-05-18 22:13:50.489  INFO   --- [main] .b.t.c.SpringBootTestContextBootstrapper : Using TestExecutionListeners: [org.springframework.test.context.web.ServletTestExecutionListener@fc258b1, org.springframework.test.context.support.DirtiesContextBeforeModesTestExecutionListener@6ff65192, org.springframework.boot.test.mock.mockito.MockitoTestExecutionListener@2dd80673, org.springframework.boot.test.autoconfigure.SpringBootDependencyInjectionTestExecutionListener@4af0df05, org.springframework.test.context.support.DirtiesContextTestExecutionListener@57ea113a, org.springframework.test.context.transaction.TransactionalTestExecutionListener@acdb094, org.springframework.test.context.jdbc.SqlScriptsTestExecutionListener@674bd420, org.springframework.test.context.event.EventPublishingTestExecutionListener@2b0f373b, org.springframework.boot.test.mock.mockito.ResetMocksTestExecutionListener@2ceb80a1, org.springframework.boot.test.autoconfigure.restdocs.RestDocsTestExecutionListener@4b45dcb8, org.springframework.boot.test.autoconfigure.web.client.MockRestServiceServerResetTestExecutionListener@7216fb24, org.springframework.boot.test.autoconfigure.web.servlet.MockMvcPrintOnlyOnFailureTestExecutionListener@2072acb2, org.springframework.boot.test.autoconfigure.web.servlet.WebDriverTestExecutionListener@50ecde95, org.springframework.boot.test.autoconfigure.webservices.client.MockWebServiceServerTestExecutionListener@35a9782c]
2020-05-18 22:13:51.404  INFO 11520 --- [main] c.s.s.q.r.JobEntityRepositoryTest        : Starting JobEntityRepositoryTest on PC-20200111QLIL with PID 11520 (started by Administrator in D:\projects\java\spring-boot-review\spring-boot-quartz)
2020-05-18 22:13:51.405  INFO 11520 --- [main] c.s.s.q.r.JobEntityRepositoryTest        : No active profile set, falling back to default profiles: default
2020-05-18 22:13:52.229  INFO 11520 --- [main] .s.d.r.c.RepositoryConfigurationDelegate : Bootstrapping Spring Data JPA repositories in DEFERRED mode.
2020-05-18 22:13:52.288  INFO 11520 --- [main] .s.d.r.c.RepositoryConfigurationDelegate : Finished Spring Data repository scanning in 51ms. Found 1 JPA repository interfaces.
2020-05-18 22:13:52.613  INFO 11520 --- [main] ptablePropertiesBeanFactoryPostProcessor : Post-processing PropertySource instances
2020-05-18 22:13:52.680  INFO 11520 --- [main] c.u.j.EncryptablePropertySourceConverter : Converting PropertySource configurationProperties [org.springframework.boot.context.properties.source.ConfigurationPropertySourcesPropertySource] to AOP Proxy
2020-05-18 22:13:52.680  INFO 11520 --- [main] c.u.j.EncryptablePropertySourceConverter : Converting PropertySource Inlined Test Properties [org.springframework.core.env.MapPropertySource] to EncryptableMapPropertySourceWrapper
2020-05-18 22:13:52.680  INFO 11520 --- [main] c.u.j.EncryptablePropertySourceConverter : Converting PropertySource systemProperties [org.springframework.core.env.PropertiesPropertySource] to EncryptableMapPropertySourceWrapper
2020-05-18 22:13:52.681  INFO 11520 --- [main] c.u.j.EncryptablePropertySourceConverter : Converting PropertySource systemEnvironment [org.springframework.boot.env.SystemEnvironmentPropertySourceEnvironmentPostProcessor$OriginAwareSystemEnvironmentPropertySource] to EncryptableMapPropertySourceWrapper
2020-05-18 22:13:52.681  INFO 11520 --- [main] c.u.j.EncryptablePropertySourceConverter : Converting PropertySource random [org.springframework.boot.env.RandomValuePropertySource] to EncryptablePropertySourceWrapper
2020-05-18 22:13:52.681  INFO 11520 --- [main] c.u.j.EncryptablePropertySourceConverter : Converting PropertySource springCloudClientHostInfo [org.springframework.core.env.MapPropertySource] to EncryptableMapPropertySourceWrapper
2020-05-18 22:13:52.681  INFO 11520 --- [main] c.u.j.EncryptablePropertySourceConverter : Converting PropertySource applicationConfig: [classpath:/application.yml] [org.springframework.boot.env.OriginTrackedMapPropertySource] to EncryptableMapPropertySourceWrapper
2020-05-18 22:13:52.715  INFO 11520 --- [main] c.u.j.filter.DefaultLazyPropertyFilter   : Property Filter custom Bean not found with name 'encryptablePropertyFilter'. Initializing Default Property Filter
2020-05-18 22:13:52.887  INFO 11520 --- [main] c.u.j.r.DefaultLazyPropertyResolver      : Property Resolver custom Bean not found with name 'encryptablePropertyResolver'. Initializing Default Property Resolver
2020-05-18 22:13:52.889  INFO 11520 --- [main] c.u.j.d.DefaultLazyPropertyDetector      : Property Detector custom Bean not found with name 'encryptablePropertyDetector'. Initializing Default Property Detector
2020-05-18 22:13:53.063  INFO 11520 --- [main] o.s.s.concurrent.ThreadPoolTaskExecutor  : Initializing ExecutorService 'applicationTaskExecutor'
2020-05-18 22:13:53.077  INFO 11520 --- [main] com.zaxxer.hikari.HikariDataSource       : HikariPool-1 - Starting...
2020-05-18 22:13:53.292  INFO 11520 --- [main] com.zaxxer.hikari.HikariDataSource       : HikariPool-1 - Start completed.
2020-05-18 22:13:53.379  INFO 11520 --- [task-1] o.hibernate.jpa.internal.util.LogHelper  : HHH000204: Processing PersistenceUnitInfo [name: default]
2020-05-18 22:13:53.470  INFO 11520 --- [task-1] org.hibernate.Version                    : HHH000412: Hibernate ORM core version 5.4.15.Final
2020-05-18 22:13:53.627  INFO 11520 --- [task-1] o.hibernate.annotations.common.Version   : HCANN000001: Hibernate Commons Annotations {5.1.0.Final}
2020-05-18 22:13:53.973  INFO 11520 --- [task-1] org.hibernate.dialect.Dialect            : HHH000400: Using dialect: org.hibernate.dialect.MySQL8Dialect
2020-05-18 22:13:54.604  INFO 11520 --- [task-1] o.h.e.t.j.p.i.JtaPlatformInitiator       : HHH000490: Using JtaPlatform implementation: [org.hibernate.engine.transaction.jta.platform.internal.NoJtaPlatform]
2020-05-18 22:13:54.617  INFO 11520 --- [task-1] j.LocalContainerEntityManagerFactoryBean : Initialized JPA EntityManagerFactory for persistence unit 'default'
2020-05-18 22:13:54.985  INFO 11520 --- [main] org.quartz.impl.StdSchedulerFactory      : Using default implementation for ThreadExecutor
2020-05-18 22:13:54.998  INFO 11520 --- [main] org.quartz.core.SchedulerSignalerImpl    : Initialized Scheduler Signaller of type: class org.quartz.core.SchedulerSignalerImpl
2020-05-18 22:13:54.999  INFO 11520 --- [main] org.quartz.core.QuartzScheduler          : Quartz Scheduler v.2.3.2 created.
2020-05-18 22:13:55.002  INFO 11520 --- [main] o.s.s.quartz.LocalDataSourceJobStore     : Using db table-based data access locking (synchronization).
2020-05-18 22:13:55.004  INFO 11520 --- [main] o.s.s.quartz.LocalDataSourceJobStore     : JobStoreCMT initialized.
2020-05-18 22:13:55.005  INFO 11520 --- [main] org.quartz.core.QuartzScheduler          : Scheduler meta-data: Quartz Scheduler (v2.3.2) 'schedulerFactoryBean' with instanceId 'PC-20200111QLIL1589811234986'
  Scheduler class: 'org.quartz.core.QuartzScheduler' - running locally.
  NOT STARTED.
  Currently in standby mode.
  Number of jobs executed: 0
  Using thread pool 'org.quartz.simpl.SimpleThreadPool' - with 20 threads.
  Using job-store 'org.springframework.scheduling.quartz.LocalDataSourceJobStore' - which supports persistence. and is clustered.

2020-05-18 22:13:55.005  INFO 11520 --- [main] org.quartz.impl.StdSchedulerFactory      : Quartz scheduler 'schedulerFactoryBean' initialized from an externally provided properties instance.
2020-05-18 22:13:55.005  INFO 11520 --- [main] org.quartz.impl.StdSchedulerFactory      : Quartz scheduler version: 2.3.2
2020-05-18 22:13:55.005  INFO 11520 --- [main] org.quartz.core.QuartzScheduler          : JobFactory set to: com.soft1851.springboot.quartz.config.QuartzConfig$AutowiringSpringBeanJobFactory@781654f8
2020-05-18 22:13:55.214  INFO 11520 --- [main] c.s.s.q.controller.DynamicJobController  : Job register name : 测试名字 , group : null , cron : 0 0 0 0 0 ? *
2020-05-18 22:13:55.217  INFO 11520 --- [main] c.s.s.q.controller.DynamicJobController  : Job jump name : 测试名字 , Because 测试名字 status is null
2020-05-18 22:13:55.218  INFO 11520 --- [main] c.s.s.q.controller.DynamicJobController  : init success
2020-05-18 22:13:55.524  WARN 11520 --- [main] JpaBaseConfiguration$JpaWebConfiguration : spring.jpa.open-in-view is enabled by default. Therefore, database queries may be performed during view rendering. Explicitly configure spring.jpa.open-in-view to disable this warning
2020-05-18 22:13:56.111  WARN 11520 --- [main] ion$DefaultTemplateResolverConfiguration : Cannot find template location: classpath:/templates/ (please add some templates or check your Thymeleaf configuration)
2020-05-18 22:13:56.717  INFO 11520 --- [main] o.s.s.quartz.SchedulerFactoryBean        : Starting Quartz Scheduler now
2020-05-18 22:13:56.729  INFO 11520 --- [main] o.s.s.quartz.LocalDataSourceJobStore     : ClusterManager: detected 1 failed or restarted instances.
2020-05-18 22:13:56.730  INFO 11520 --- [main] o.s.s.quartz.LocalDataSourceJobStore     : ClusterManager: Scanning for instance "PC-20200111QLIL1589808544104"'s failed in-progress jobs.
2020-05-18 22:13:56.738  INFO 11520 --- [main] org.quartz.core.QuartzScheduler          : Scheduler schedulerFactoryBean_$_PC-20200111QLIL1589811234986 started.
2020-05-18 22:13:56.741  INFO 11520 --- [main] DeferredRepositoryInitializationListener : Triggering deferred initialization of Spring Data repositories…
2020-05-18 22:13:56.742  INFO 11520 --- [main] DeferredRepositoryInitializationListener : Spring Data repositories initialized!
2020-05-18 22:13:56.753  INFO 11520 --- [main] c.s.s.q.r.JobEntityRepositoryTest        : Started JobEntityRepositoryTest in 6.194 seconds (JVM running for 7.428)
2020-05-18 22:13:56.943  INFO 11520 --- [SpringContextShutdownHook] org.quartz.core.QuartzScheduler          : Scheduler schedulerFactoryBean_$_PC-20200111QLIL1589811234986 paused.
2020-05-18 22:13:56.944  INFO 11520 --- [SpringContextShutdownHook] o.s.s.quartz.SchedulerFactoryBean        : Shutting down Quartz Scheduler
2020-05-18 22:13:56.945  INFO 11520 --- [SpringContextShutdownHook] org.quartz.core.QuartzScheduler          : Scheduler schedulerFactoryBean_$_PC-20200111QLIL1589811234986 shutting down.
2020-05-18 22:13:56.945  INFO 11520 --- [SpringContextShutdownHook] org.quartz.core.QuartzScheduler          : Scheduler schedulerFactoryBean_$_PC-20200111QLIL1589811234986 paused.
2020-05-18 22:13:56.946  INFO 11520 --- [SpringContextShutdownHook] org.quartz.core.QuartzScheduler          : Scheduler schedulerFactoryBean_$_PC-20200111QLIL1589811234986 shutdown complete.
2020-05-18 22:13:56.946  INFO 11520 --- [SpringContextShutdownHook] j.LocalContainerEntityManagerFactoryBean : Closing JPA EntityManagerFactory for persistence unit 'default'
2020-05-18 22:13:56.948  INFO 11520 --- [SpringContextShutdownHook] o.s.s.concurrent.ThreadPoolTaskExecutor  : Shutting down ExecutorService 'applicationTaskExecutor'
2020-05-18 22:13:56.949  INFO 11520 --- [SpringContextShutdownHook] com.zaxxer.hikari.HikariDataSource       : HikariPool-1 - Shutdown initiated...
2020-05-18 22:13:56.959  INFO 11520 --- [SpringContextShutdownHook] com.zaxxer.hikari.HikariDataSource       : HikariPool-1 - Shutdown completed.
